2020-03-16 10:25:02,465 INFO (StartupInfoLogger.java:55)- Starting BlogGardenSystemApplication on DESKTOP-627VPTB with PID 3544 (started by ZSP in E:\Program Files (x86)\JetBrains\JavaCode\blog-garden-system)
2020-03-16 10:25:02,527 DEBUG (StartupInfoLogger.java:56)- Running with Spring Boot v2.2.4.RELEASE, Spring v5.2.3.RELEASE
2020-03-16 10:25:02,527 INFO (SpringApplication.java:651)- No active profile set, falling back to default profiles: default
2020-03-16 10:25:04,918 INFO (StartupInfoLogger.java:61)- Started BlogGardenSystemApplication in 3.219 seconds (JVM running for 5.764)
2020-03-16 10:41:52,470 DEBUG (BaseJdbcLogger.java:143)- ==>  Preparing: update user_table set userIntro = ? where userID = ? 
2020-03-16 10:41:52,485 DEBUG (BaseJdbcLogger.java:143)- ==> Parameters: test(String), 1(Integer)
2020-03-16 10:41:52,540 DEBUG (BaseJdbcLogger.java:143)- <==    Updates: 1
2020-03-16 10:45:26,047 DEBUG (BaseJdbcLogger.java:143)- ==>  Preparing: update user_table as u left join article_table as a on u.userID = a.userID set u.userRead = u.userRead+1, a.articleRead = a.articleRead+ 1 where a.userID = ? and a.articleID = ? 
2020-03-16 10:45:26,049 DEBUG (BaseJdbcLogger.java:143)- ==> Parameters: 1(Integer), 1(Integer)
2020-03-16 10:45:26,392 DEBUG (BaseJdbcLogger.java:143)- <==    Updates: 2
2020-03-16 10:48:29,292 INFO (StartupInfoLogger.java:55)- Starting BlogGardenSystemApplication on DESKTOP-627VPTB with PID 10712 (started by ZSP in E:\Program Files (x86)\JetBrains\JavaCode\blog-garden-system)
2020-03-16 10:48:29,292 DEBUG (StartupInfoLogger.java:56)- Running with Spring Boot v2.2.4.RELEASE, Spring v5.2.3.RELEASE
2020-03-16 10:48:29,292 INFO (SpringApplication.java:651)- No active profile set, falling back to default profiles: default
2020-03-16 10:48:31,761 INFO (StartupInfoLogger.java:61)- Started BlogGardenSystemApplication in 3.336 seconds (JVM running for 6.132)
2020-03-16 10:49:25,340 DEBUG (BaseJdbcLogger.java:143)- ==>  Preparing: update user_table as u left join article_table as a on u.userID = a.userID set u.userRead = u.userRead+1, a.articleRead = a.articleRead+ 1 where a.userID = ? and a.articleID = ? 
2020-03-16 10:49:25,376 DEBUG (BaseJdbcLogger.java:143)- ==> Parameters: 1(Integer), 1(Integer)
2020-03-16 10:49:25,423 DEBUG (BaseJdbcLogger.java:143)- <==    Updates: 2
2020-03-16 10:49:36,474 DEBUG (BaseJdbcLogger.java:143)- ==>  Preparing: update user_table as u left join article_table as a on u.userID = a.userID set u.userRead = u.userRead+1, a.articleRead = a.articleRead+ 1 where a.userID = ? and a.articleID = ? 
2020-03-16 10:49:36,475 DEBUG (BaseJdbcLogger.java:143)- ==> Parameters: 1(Integer), 1(Integer)
2020-03-16 10:49:36,523 DEBUG (BaseJdbcLogger.java:143)- <==    Updates: 2
2020-03-16 10:50:56,493 DEBUG (BaseJdbcLogger.java:143)- ==>  Preparing: select articleID, articleTitle, articleCountent, pictureCatalog, a.userID, u.userName, articleIssueTime, articleRead from article_table as a left join user_table as u on a.userID = u.userID where (a.userID = ? or ? = 0) and (u.userName = ? or ? is null) and (articleTitle = ? or ? is null) 
2020-03-16 10:50:56,494 DEBUG (BaseJdbcLogger.java:143)- ==> Parameters: 1(Integer), 1(Integer), null, null, null, null
2020-03-16 10:50:56,528 DEBUG (BaseJdbcLogger.java:143)- <==      Total: 1
2020-03-16 10:51:22,232 DEBUG (BaseJdbcLogger.java:143)- ==>  Preparing: update user_table as u left join article_table as a on u.userID = a.userID set u.userRead = u.userRead+1, a.articleRead = a.articleRead+ 1 where a.userID = ? and a.articleID = ? 
2020-03-16 10:51:22,233 DEBUG (BaseJdbcLogger.java:143)- ==> Parameters: 1(Integer), 1(Integer)
2020-03-16 10:51:22,267 DEBUG (BaseJdbcLogger.java:143)- <==    Updates: 2
2020-03-16 10:51:36,243 DEBUG (BaseJdbcLogger.java:143)- ==>  Preparing: update user_table as u left join article_table as a on u.userID = a.userID set u.userRead = u.userRead+1, a.articleRead = a.articleRead+ 1 where a.userID = ? and a.articleID = ? 
2020-03-16 10:51:36,245 DEBUG (BaseJdbcLogger.java:143)- ==> Parameters: 1(Integer), 1(Integer)
2020-03-16 10:51:36,286 DEBUG (BaseJdbcLogger.java:143)- <==    Updates: 2
2020-03-16 10:55:55,940 INFO (StartupInfoLogger.java:55)- Starting BlogGardenSystemApplication on DESKTOP-627VPTB with PID 2756 (started by ZSP in E:\Program Files (x86)\JetBrains\JavaCode\blog-garden-system)
2020-03-16 10:55:55,955 DEBUG (StartupInfoLogger.java:56)- Running with Spring Boot v2.2.4.RELEASE, Spring v5.2.3.RELEASE
2020-03-16 10:55:55,955 INFO (SpringApplication.java:651)- No active profile set, falling back to default profiles: default
2020-03-16 10:55:58,731 INFO (StartupInfoLogger.java:61)- Started BlogGardenSystemApplication in 4.287 seconds (JVM running for 6.942)
2020-03-16 10:56:10,699 DEBUG (BaseJdbcLogger.java:143)- ==>  Preparing: update user_table as u left join article_table as a on u.userID = a.userID set u.userRead = u.userRead+1, a.articleRead = a.articleRead+ 1 where a.userID = ? and a.articleID = ? 
2020-03-16 10:56:10,730 DEBUG (BaseJdbcLogger.java:143)- ==> Parameters: 1(Integer), 1(Integer)
2020-03-16 10:56:10,808 DEBUG (BaseJdbcLogger.java:143)- <==    Updates: 2
2020-03-16 11:19:47,985 INFO (StartupInfoLogger.java:55)- Starting BlogGardenSystemApplication on DESKTOP-627VPTB with PID 7884 (started by ZSP in E:\Program Files (x86)\JetBrains\JavaCode\blog-garden-system)
2020-03-16 11:19:48,001 DEBUG (StartupInfoLogger.java:56)- Running with Spring Boot v2.2.4.RELEASE, Spring v5.2.3.RELEASE
2020-03-16 11:19:48,001 INFO (SpringApplication.java:651)- No active profile set, falling back to default profiles: default
2020-03-16 11:19:50,634 INFO (StartupInfoLogger.java:61)- Started BlogGardenSystemApplication in 3.577 seconds (JVM running for 5.75)
2020-03-16 11:20:35,059 DEBUG (BaseJdbcLogger.java:143)- ==>  Preparing: select articleID, articleTitle, articleCountent, pictureCatalog, a.userID, u.userName, articleIssueTime, articleRead from article_table as a left join user_table as u on a.userID = u.userID where a.articleID = ? 
2020-03-16 11:20:35,087 DEBUG (BaseJdbcLogger.java:143)- ==> Parameters: 1(Integer)
2020-03-16 11:20:35,117 DEBUG (BaseJdbcLogger.java:143)- <==      Total: 1
2020-03-16 11:21:15,100 DEBUG (BaseJdbcLogger.java:143)- ==>  Preparing: select articleID, articleTitle, a.userID, u.userName, articleIssueTime, articleRead from article_table as a left join user_table as u on a.userID = u.userID where (a.userID = ? or ? = 0) and (u.userName = ? or ? is null) and (articleTitle = ? or ? is null) 
2020-03-16 11:21:15,101 DEBUG (BaseJdbcLogger.java:143)- ==> Parameters: 1(Integer), 1(Integer), null, null, null, null
2020-03-16 11:21:15,103 DEBUG (BaseJdbcLogger.java:143)- <==      Total: 1
2020-03-16 12:34:05,115 INFO (StartupInfoLogger.java:55)- Starting BlogGardenSystemApplication on DESKTOP-627VPTB with PID 3604 (started by ZSP in E:\Program Files (x86)\JetBrains\JavaCode\blog-garden-system)
2020-03-16 12:34:05,120 DEBUG (StartupInfoLogger.java:56)- Running with Spring Boot v2.2.4.RELEASE, Spring v5.2.3.RELEASE
2020-03-16 12:34:05,121 INFO (SpringApplication.java:651)- No active profile set, falling back to default profiles: default
2020-03-16 12:34:07,670 INFO (StartupInfoLogger.java:61)- Started BlogGardenSystemApplication in 3.653 seconds (JVM running for 5.931)
2020-03-16 12:34:25,006 DEBUG (BaseJdbcLogger.java:143)- ==>  Preparing: update article_table set articleTitle = ?, articleCountent = ? where articleID = ? 
2020-03-16 12:34:25,047 DEBUG (BaseJdbcLogger.java:143)- ==> Parameters: testTitle(String), testCountent(String), 1(Integer)
2020-03-16 12:34:25,106 DEBUG (BaseJdbcLogger.java:143)- <==    Updates: 1
2020-03-16 12:50:02,003 INFO (StartupInfoLogger.java:55)- Starting BlogGardenSystemApplication on DESKTOP-627VPTB with PID 5464 (started by ZSP in E:\Program Files (x86)\JetBrains\JavaCode\blog-garden-system)
2020-03-16 12:50:02,018 DEBUG (StartupInfoLogger.java:56)- Running with Spring Boot v2.2.4.RELEASE, Spring v5.2.3.RELEASE
2020-03-16 12:50:02,018 INFO (SpringApplication.java:651)- No active profile set, falling back to default profiles: default
2020-03-16 12:51:55,718 INFO (StartupInfoLogger.java:55)- Starting BlogGardenSystemApplication on DESKTOP-627VPTB with PID 7456 (started by ZSP in E:\Program Files (x86)\JetBrains\JavaCode\blog-garden-system)
2020-03-16 12:51:55,734 DEBUG (StartupInfoLogger.java:56)- Running with Spring Boot v2.2.4.RELEASE, Spring v5.2.3.RELEASE
2020-03-16 12:51:55,734 INFO (SpringApplication.java:651)- No active profile set, falling back to default profiles: default
2020-03-16 12:51:58,155 INFO (StartupInfoLogger.java:61)- Started BlogGardenSystemApplication in 3.551 seconds (JVM running for 5.33)
2020-03-16 12:52:05,483 DEBUG (BaseJdbcLogger.java:143)- ==>  Preparing: insert article_table( articleTitle, articleCountent, pictureCatalog, userID, articleIssueTime) values ( ?, ?, ?, ?, now(), ) 
2020-03-16 12:52:05,518 DEBUG (BaseJdbcLogger.java:143)- ==> Parameters: testTitle(String), testCountent(String), testCatalog(String), 0(Integer)
2020-03-16 12:54:49,284 INFO (StartupInfoLogger.java:55)- Starting BlogGardenSystemApplication on DESKTOP-627VPTB with PID 2224 (started by ZSP in E:\Program Files (x86)\JetBrains\JavaCode\blog-garden-system)
2020-03-16 12:54:49,300 DEBUG (StartupInfoLogger.java:56)- Running with Spring Boot v2.2.4.RELEASE, Spring v5.2.3.RELEASE
2020-03-16 12:54:49,300 INFO (SpringApplication.java:651)- No active profile set, falling back to default profiles: default
2020-03-16 12:54:52,370 INFO (StartupInfoLogger.java:61)- Started BlogGardenSystemApplication in 4.351 seconds (JVM running for 5.977)
2020-03-16 12:54:53,184 DEBUG (BaseJdbcLogger.java:143)- ==>  Preparing: insert into article_table( articleTitle, articleCountent, pictureCatalog, userID, articleIssueTime) values ( ?, ?, ?, ?, now(), ) 
2020-03-16 12:54:53,205 DEBUG (BaseJdbcLogger.java:143)- ==> Parameters: testTitle(String), testCountent(String), testCatalog(String), 0(Integer)
2020-03-16 12:56:26,262 INFO (StartupInfoLogger.java:55)- Starting BlogGardenSystemApplication on DESKTOP-627VPTB with PID 4140 (started by ZSP in E:\Program Files (x86)\JetBrains\JavaCode\blog-garden-system)
2020-03-16 12:56:26,277 DEBUG (StartupInfoLogger.java:56)- Running with Spring Boot v2.2.4.RELEASE, Spring v5.2.3.RELEASE
2020-03-16 12:56:26,277 INFO (SpringApplication.java:651)- No active profile set, falling back to default profiles: default
2020-03-16 12:56:29,053 INFO (StartupInfoLogger.java:61)- Started BlogGardenSystemApplication in 4.118 seconds (JVM running for 5.822)
2020-03-16 12:56:30,149 DEBUG (BaseJdbcLogger.java:143)- ==>  Preparing: insert into article_table( articleTitle, articleCountent, pictureCatalog, userID, articleIssueTime) values ( ?, ?, ?, ?, now() ) 
2020-03-16 12:56:30,183 DEBUG (BaseJdbcLogger.java:143)- ==> Parameters: testTitle(String), testCountent(String), testCatalog(String), 0(Integer)
2020-03-16 12:56:32,794 DEBUG (BaseJdbcLogger.java:143)- ==>  Preparing: insert into article_table( articleTitle, articleCountent, pictureCatalog, userID, articleIssueTime) values ( ?, ?, ?, ?, now() ) 
2020-03-16 12:56:32,795 DEBUG (BaseJdbcLogger.java:143)- ==> Parameters: testTitle(String), testCountent(String), testCatalog(String), 0(Integer)
2020-03-16 12:58:15,682 DEBUG (BaseJdbcLogger.java:143)- ==>  Preparing: insert into article_table( articleTitle, articleCountent, pictureCatalog, userID, articleIssueTime) values ( ?, ?, ?, ?, now() ) 
2020-03-16 12:58:15,683 DEBUG (BaseJdbcLogger.java:143)- ==> Parameters: testTitle(String), testCountent(String), testCatalog(String), 0(Integer)
2020-03-16 12:58:15,722 DEBUG (BaseJdbcLogger.java:143)- <==    Updates: 1
2020-03-16 13:09:55,936 INFO (StartupInfoLogger.java:55)- Starting BlogGardenSystemApplication on DESKTOP-627VPTB with PID 10952 (started by ZSP in E:\Program Files (x86)\JetBrains\JavaCode\blog-garden-system)
2020-03-16 13:09:55,953 DEBUG (StartupInfoLogger.java:56)- Running with Spring Boot v2.2.4.RELEASE, Spring v5.2.3.RELEASE
2020-03-16 13:09:55,955 INFO (SpringApplication.java:651)- No active profile set, falling back to default profiles: default
2020-03-16 13:10:52,706 INFO (StartupInfoLogger.java:55)- Starting BlogGardenSystemApplication on DESKTOP-627VPTB with PID 7720 (started by ZSP in E:\Program Files (x86)\JetBrains\JavaCode\blog-garden-system)
2020-03-16 13:10:52,706 DEBUG (StartupInfoLogger.java:56)- Running with Spring Boot v2.2.4.RELEASE, Spring v5.2.3.RELEASE
2020-03-16 13:10:52,722 INFO (SpringApplication.java:651)- No active profile set, falling back to default profiles: default
2020-03-16 13:10:55,328 INFO (StartupInfoLogger.java:61)- Started BlogGardenSystemApplication in 3.807 seconds (JVM running for 5.492)
2020-03-16 13:11:06,900 DEBUG (BaseJdbcLogger.java:143)- ==>  Preparing: delete article_table as a left join comment_table as co on a.articleID = co.articleID where a.articleID = ? 
2020-03-16 13:11:06,915 DEBUG (BaseJdbcLogger.java:143)- ==> Parameters: 2(Integer)
2020-03-16 13:12:55,064 INFO (StartupInfoLogger.java:55)- Starting BlogGardenSystemApplication on DESKTOP-627VPTB with PID 3948 (started by ZSP in E:\Program Files (x86)\JetBrains\JavaCode\blog-garden-system)
2020-03-16 13:12:55,070 DEBUG (StartupInfoLogger.java:56)- Running with Spring Boot v2.2.4.RELEASE, Spring v5.2.3.RELEASE
2020-03-16 13:12:55,071 INFO (SpringApplication.java:651)- No active profile set, falling back to default profiles: default
2020-03-16 13:12:57,430 INFO (StartupInfoLogger.java:61)- Started BlogGardenSystemApplication in 3.687 seconds (JVM running for 5.667)
2020-03-16 13:12:57,843 DEBUG (BaseJdbcLogger.java:143)- ==>  Preparing: delete article_table as a,comment_table as co where a.articleID = ? and co.articleID = ? 
2020-03-16 13:12:57,872 DEBUG (BaseJdbcLogger.java:143)- ==> Parameters: 2(Integer), 2(Integer)
2020-03-16 13:16:49,717 INFO (StartupInfoLogger.java:55)- Starting BlogGardenSystemApplication on DESKTOP-627VPTB with PID 10272 (started by ZSP in E:\Program Files (x86)\JetBrains\JavaCode\blog-garden-system)
2020-03-16 13:16:49,733 DEBUG (StartupInfoLogger.java:56)- Running with Spring Boot v2.2.4.RELEASE, Spring v5.2.3.RELEASE
2020-03-16 13:16:49,733 INFO (SpringApplication.java:651)- No active profile set, falling back to default profiles: default
2020-03-16 13:16:52,526 INFO (StartupInfoLogger.java:61)- Started BlogGardenSystemApplication in 4.046 seconds (JVM running for 5.696)
2020-03-16 13:16:52,946 DEBUG (BaseJdbcLogger.java:143)- ==>  Preparing: delete article_table,comment_table from article_table as a left join comment_table as co on a.articleID = co.articleID where a.articleID = ? 
2020-03-16 13:16:52,961 DEBUG (BaseJdbcLogger.java:143)- ==> Parameters: 2(Integer)
2020-03-16 13:21:10,177 INFO (StartupInfoLogger.java:55)- Starting BlogGardenSystemApplication on DESKTOP-627VPTB with PID 1268 (started by ZSP in E:\Program Files (x86)\JetBrains\JavaCode\blog-garden-system)
2020-03-16 13:21:10,177 DEBUG (StartupInfoLogger.java:56)- Running with Spring Boot v2.2.4.RELEASE, Spring v5.2.3.RELEASE
2020-03-16 13:21:10,177 INFO (SpringApplication.java:651)- No active profile set, falling back to default profiles: default
2020-03-16 13:21:12,676 INFO (StartupInfoLogger.java:61)- Started BlogGardenSystemApplication in 3.725 seconds (JVM running for 5.504)
2020-03-16 13:21:16,977 DEBUG (BaseJdbcLogger.java:143)- ==>  Preparing: delete article_table where articleID = ? delete comment_table where articleID = ? 
2020-03-16 13:21:17,018 DEBUG (BaseJdbcLogger.java:143)- ==> Parameters: 2(Integer), 2(Integer)
2020-03-16 13:21:46,715 DEBUG (BaseJdbcLogger.java:143)- ==>  Preparing: delete article_table where articleID = ? delete comment_table where articleID = ? 
2020-03-16 13:21:46,716 DEBUG (BaseJdbcLogger.java:143)- ==> Parameters: 2(Integer), 2(Integer)
2020-03-16 13:21:54,260 INFO (StartupInfoLogger.java:55)- Starting BlogGardenSystemApplication on DESKTOP-627VPTB with PID 7204 (started by ZSP in E:\Program Files (x86)\JetBrains\JavaCode\blog-garden-system)
2020-03-16 13:21:54,266 DEBUG (StartupInfoLogger.java:56)- Running with Spring Boot v2.2.4.RELEASE, Spring v5.2.3.RELEASE
2020-03-16 13:21:54,267 INFO (SpringApplication.java:651)- No active profile set, falling back to default profiles: default
2020-03-16 13:21:56,945 INFO (StartupInfoLogger.java:61)- Started BlogGardenSystemApplication in 3.972 seconds (JVM running for 5.608)
2020-03-16 13:21:58,314 DEBUG (BaseJdbcLogger.java:143)- ==>  Preparing: delete article_table where articleID = ? 
2020-03-16 13:21:58,343 DEBUG (BaseJdbcLogger.java:143)- ==> Parameters: 2(Integer)
2020-03-16 13:38:10,189 INFO (StartupInfoLogger.java:55)- Starting BlogGardenSystemApplication on DESKTOP-627VPTB with PID 1124 (started by ZSP in E:\Program Files (x86)\JetBrains\JavaCode\blog-garden-system)
2020-03-16 13:38:10,196 DEBUG (StartupInfoLogger.java:56)- Running with Spring Boot v2.2.4.RELEASE, Spring v5.2.3.RELEASE
2020-03-16 13:38:10,197 INFO (SpringApplication.java:651)- No active profile set, falling back to default profiles: default
2020-03-16 13:38:30,005 INFO (StartupInfoLogger.java:55)- Starting BlogGardenSystemApplication on DESKTOP-627VPTB with PID 7252 (started by ZSP in E:\Program Files (x86)\JetBrains\JavaCode\blog-garden-system)
2020-03-16 13:38:30,013 DEBUG (StartupInfoLogger.java:56)- Running with Spring Boot v2.2.4.RELEASE, Spring v5.2.3.RELEASE
2020-03-16 13:38:30,014 INFO (SpringApplication.java:651)- No active profile set, falling back to default profiles: default
2020-03-16 13:41:13,494 INFO (StartupInfoLogger.java:55)- Starting BlogGardenSystemApplication on DESKTOP-627VPTB with PID 9392 (started by ZSP in E:\Program Files (x86)\JetBrains\JavaCode\blog-garden-system)
2020-03-16 13:41:13,503 DEBUG (StartupInfoLogger.java:56)- Running with Spring Boot v2.2.4.RELEASE, Spring v5.2.3.RELEASE
2020-03-16 13:41:13,506 INFO (SpringApplication.java:651)- No active profile set, falling back to default profiles: default
2020-03-16 13:41:15,978 INFO (StartupInfoLogger.java:61)- Started BlogGardenSystemApplication in 3.752 seconds (JVM running for 5.351)
2020-03-16 13:41:23,216 DEBUG (BaseJdbcLogger.java:143)- ==>  Preparing: delete a, co from article_table as a left join comment_table as co on a.articleID = b.articleID where a.articleID = ? 
2020-03-16 13:41:23,247 DEBUG (BaseJdbcLogger.java:143)- ==> Parameters: 2(Integer)
2020-03-16 13:42:02,401 INFO (StartupInfoLogger.java:55)- Starting BlogGardenSystemApplication on DESKTOP-627VPTB with PID 2560 (started by ZSP in E:\Program Files (x86)\JetBrains\JavaCode\blog-garden-system)
2020-03-16 13:42:02,401 DEBUG (StartupInfoLogger.java:56)- Running with Spring Boot v2.2.4.RELEASE, Spring v5.2.3.RELEASE
2020-03-16 13:42:02,401 INFO (SpringApplication.java:651)- No active profile set, falling back to default profiles: default
2020-03-16 13:42:04,860 INFO (StartupInfoLogger.java:61)- Started BlogGardenSystemApplication in 3.598 seconds (JVM running for 5.311)
2020-03-16 13:42:32,446 DEBUG (BaseJdbcLogger.java:143)- ==>  Preparing: delete a, co from article_table as a left join comment_table as co on a.articleID = co.articleID where a.articleID = ? 
2020-03-16 13:42:32,480 DEBUG (BaseJdbcLogger.java:143)- ==> Parameters: 2(Integer)
2020-03-16 13:42:32,546 DEBUG (BaseJdbcLogger.java:143)- <==    Updates: 2
2020-03-16 14:07:15,823 INFO (StartupInfoLogger.java:55)- Starting BlogGardenSystemApplication on DESKTOP-627VPTB with PID 10048 (started by ZSP in E:\Program Files (x86)\JetBrains\JavaCode\blog-garden-system)
2020-03-16 14:07:15,829 DEBUG (StartupInfoLogger.java:56)- Running with Spring Boot v2.2.4.RELEASE, Spring v5.2.3.RELEASE
2020-03-16 14:07:15,830 INFO (SpringApplication.java:651)- No active profile set, falling back to default profiles: default
2020-03-16 14:07:18,469 INFO (StartupInfoLogger.java:61)- Started BlogGardenSystemApplication in 3.873 seconds (JVM running for 5.574)
2020-03-16 14:07:22,610 DEBUG (BaseJdbcLogger.java:143)- ==>  Preparing: select commentSerialNumber,userID,commentContent,commentTime from comment_table where articleID = ?
2020-03-16 14:07:22,639 DEBUG (BaseJdbcLogger.java:143)- ==> Parameters: 1(Integer)
2020-03-16 14:07:22,677 DEBUG (BaseJdbcLogger.java:143)- <==      Total: 1
2020-03-16 14:07:57,865 INFO (StartupInfoLogger.java:55)- Starting BlogGardenSystemApplication on DESKTOP-627VPTB with PID 1784 (started by ZSP in E:\Program Files (x86)\JetBrains\JavaCode\blog-garden-system)
2020-03-16 14:07:57,874 DEBUG (StartupInfoLogger.java:56)- Running with Spring Boot v2.2.4.RELEASE, Spring v5.2.3.RELEASE
2020-03-16 14:07:57,875 INFO (SpringApplication.java:651)- No active profile set, falling back to default profiles: default
2020-03-16 14:08:00,583 INFO (StartupInfoLogger.java:61)- Started BlogGardenSystemApplication in 4.185 seconds (JVM running for 5.917)
2020-03-16 14:08:01,796 DEBUG (BaseJdbcLogger.java:143)- ==>  Preparing: select commentSerialNumber,userID,commentContent,commentTime from comment_table where articleID = ?
2020-03-16 14:08:01,825 DEBUG (BaseJdbcLogger.java:143)- ==> Parameters: 1(Integer)
2020-03-16 14:08:01,864 DEBUG (BaseJdbcLogger.java:143)- <==      Total: 1
2020-03-16 14:17:24,943 INFO (StartupInfoLogger.java:55)- Starting BlogGardenSystemApplication on DESKTOP-627VPTB with PID 10236 (started by ZSP in E:\Program Files (x86)\JetBrains\JavaCode\blog-garden-system)
2020-03-16 14:17:24,943 DEBUG (StartupInfoLogger.java:56)- Running with Spring Boot v2.2.4.RELEASE, Spring v5.2.3.RELEASE
2020-03-16 14:17:24,943 INFO (SpringApplication.java:651)- No active profile set, falling back to default profiles: default
2020-03-16 14:17:27,431 INFO (StartupInfoLogger.java:61)- Started BlogGardenSystemApplication in 3.717 seconds (JVM running for 5.248)
2020-03-16 14:17:39,931 DEBUG (BaseJdbcLogger.java:143)- ==>  Preparing: insert into comment_table( articleID, commentSerialNumber, userID, commentContent, commentTime ) values ( ?, ?, ?, ?, now() )
2020-03-16 14:17:39,968 DEBUG (BaseJdbcLogger.java:143)- ==> Parameters: 1(Integer), 1(Integer), (String), (String)
2020-03-16 14:17:40,032 DEBUG (BaseJdbcLogger.java:143)- <==    Updates: 1
