2020-04-19 20:41:38,088 INFO (StartupInfoLogger.java:55)- Starting BlogGardenSystemApplication on DESKTOP-627VPTB with PID 3552 (started by ZSP in E:\Program Files (x86)\JetBrains\JavaCode\blog-garden-system)
2020-04-19 20:41:38,166 DEBUG (StartupInfoLogger.java:56)- Running with Spring Boot v2.2.4.RELEASE, Spring v5.2.3.RELEASE
2020-04-19 20:41:38,166 INFO (SpringApplication.java:651)- No active profile set, falling back to default profiles: default
2020-04-19 20:41:43,062 INFO (StartupInfoLogger.java:61)- Started BlogGardenSystemApplication in 6.45 seconds (JVM running for 11.374)
2020-04-19 20:44:14,337 DEBUG (BaseJdbcLogger.java:143)- ==>  Preparing: SELECT userID,userAccount,usrePassword,userName,userRead,userIssue,userIntro FROM user_table WHERE (userID = ? OR ? = 0) AND (userAccount = ? OR ? IS NULL) 
2020-04-19 20:44:14,379 DEBUG (BaseJdbcLogger.java:143)- ==> Parameters: 0(Integer), 0(Integer), zsp@blog.com(String), zsp@blog.com(String)
2020-04-19 20:44:14,401 DEBUG (BaseJdbcLogger.java:143)- <==      Total: 0
2020-04-19 20:44:14,417 DEBUG (BaseJdbcLogger.java:143)- ==>  Preparing: insert into user_table(userAccount,usrePassword,userName) values (?,?,?) 
2020-04-19 20:44:14,417 DEBUG (BaseJdbcLogger.java:143)- ==> Parameters: zsp@blog.com(String), e10adc3949ba59abbe56e057f20f883e(String), zsp(String)
2020-04-19 20:44:14,456 DEBUG (BaseJdbcLogger.java:143)- <==    Updates: 1
2020-04-19 20:44:39,669 DEBUG (BaseJdbcLogger.java:143)- ==>  Preparing: SELECT userID,userAccount,usrePassword,userName,userRead,userIssue,userIntro FROM user_table WHERE (userID = ? OR ? = 0) AND (userAccount = ? OR ? IS NULL) 
2020-04-19 20:44:39,670 DEBUG (BaseJdbcLogger.java:143)- ==> Parameters: 0(Integer), 0(Integer), zsp@blog.com(String), zsp@blog.com(String)
2020-04-19 20:44:39,676 DEBUG (BaseJdbcLogger.java:143)- <==      Total: 1
2020-04-19 20:44:54,614 DEBUG (BaseJdbcLogger.java:143)- ==>  Preparing: SELECT userID,userAccount,usrePassword,userName,userRead,userIssue,userIntro FROM user_table WHERE (userID = ? OR ? = 0) AND (userAccount = ? OR ? IS NULL) 
2020-04-19 20:44:54,615 DEBUG (BaseJdbcLogger.java:143)- ==> Parameters: 0(Integer), 0(Integer), zsp@blog.com(String), zsp@blog.com(String)
2020-04-19 20:44:54,618 DEBUG (BaseJdbcLogger.java:143)- <==      Total: 1
2020-04-19 20:44:54,620 DEBUG (BaseJdbcLogger.java:143)- ==>  Preparing: insert into user_table(userAccount,usrePassword,userName) values (?,?,?) 
2020-04-19 20:44:54,621 DEBUG (BaseJdbcLogger.java:143)- ==> Parameters: zsp@blog.com(String), e10adc3949ba59abbe56e057f20f883e(String), zsp(String)
2020-04-19 20:44:54,670 DEBUG (BaseJdbcLogger.java:143)- <==    Updates: 1
2020-04-19 20:47:56,831 DEBUG (BaseJdbcLogger.java:143)- ==>  Preparing: SELECT userID,userAccount,usrePassword,userName,userRead,userIssue,userIntro FROM user_table WHERE (userID = ? OR ? = 0) AND (userAccount = ? OR ? IS NULL) 
2020-04-19 20:47:56,832 DEBUG (BaseJdbcLogger.java:143)- ==> Parameters: 0(Integer), 0(Integer), zsp@blog.com(String), zsp@blog.com(String)
2020-04-19 20:47:56,836 DEBUG (BaseJdbcLogger.java:143)- <==      Total: 0
2020-04-19 20:47:56,838 DEBUG (BaseJdbcLogger.java:143)- ==>  Preparing: insert into user_table(userAccount,usrePassword,userName) values (?,?,?) 
2020-04-19 20:47:56,840 DEBUG (BaseJdbcLogger.java:143)- ==> Parameters: zsp@blog.com(String), e10adc3949ba59abbe56e057f20f883e(String), zsp(String)
2020-04-19 20:47:56,891 DEBUG (BaseJdbcLogger.java:143)- <==    Updates: 1
2020-04-19 20:47:58,226 DEBUG (BaseJdbcLogger.java:143)- ==>  Preparing: SELECT userID,userAccount,usrePassword,userName,userRead,userIssue,userIntro FROM user_table WHERE (userID = ? OR ? = 0) AND (userAccount = ? OR ? IS NULL) 
2020-04-19 20:47:58,226 DEBUG (BaseJdbcLogger.java:143)- ==> Parameters: 0(Integer), 0(Integer), zsp@blog.com(String), zsp@blog.com(String)
2020-04-19 20:47:58,257 DEBUG (BaseJdbcLogger.java:143)- <==      Total: 1
2020-04-19 20:47:58,257 DEBUG (BaseJdbcLogger.java:143)- ==>  Preparing: insert into user_table(userAccount,usrePassword,userName) values (?,?,?) 
2020-04-19 20:47:58,257 DEBUG (BaseJdbcLogger.java:143)- ==> Parameters: zsp@blog.com(String), e10adc3949ba59abbe56e057f20f883e(String), zsp(String)
2020-04-19 20:50:34,901 DEBUG (BaseJdbcLogger.java:143)- ==>  Preparing: SELECT userID,userAccount,usrePassword,userName,userRead,userIssue,userIntro FROM user_table WHERE (userID = ? OR ? = 0) AND (userAccount = ? OR ? IS NULL) 
2020-04-19 20:50:34,901 DEBUG (BaseJdbcLogger.java:143)- ==> Parameters: 0(Integer), 0(Integer), zsp@blog.com(String), zsp@blog.com(String)
2020-04-19 20:50:34,901 DEBUG (BaseJdbcLogger.java:143)- <==      Total: 1
2020-04-19 20:51:46,836 DEBUG (BaseJdbcLogger.java:143)- ==>  Preparing: insert into user_table(userAccount,usrePassword,userName) values (?,?,?) 
2020-04-19 20:51:46,836 DEBUG (BaseJdbcLogger.java:143)- ==> Parameters: zsp@blog.com(String), e10adc3949ba59abbe56e057f20f883e(String), zsp(String)
2020-04-19 20:51:58,505 INFO (StartupInfoLogger.java:55)- Starting BlogGardenSystemApplication on DESKTOP-627VPTB with PID 2100 (started by ZSP in E:\Program Files (x86)\JetBrains\JavaCode\blog-garden-system)
2020-04-19 20:51:58,512 DEBUG (StartupInfoLogger.java:56)- Running with Spring Boot v2.2.4.RELEASE, Spring v5.2.3.RELEASE
2020-04-19 20:51:58,513 INFO (SpringApplication.java:651)- No active profile set, falling back to default profiles: default
2020-04-19 20:52:02,154 INFO (StartupInfoLogger.java:61)- Started BlogGardenSystemApplication in 5.386 seconds (JVM running for 7.428)
2020-04-19 20:52:30,381 DEBUG (BaseJdbcLogger.java:143)- ==>  Preparing: SELECT userID,userAccount,usrePassword,userName,userRead,userIssue,userIntro FROM user_table WHERE (userID = ? OR ? = 0) AND (userAccount = ? OR ? IS NULL) 
2020-04-19 20:52:30,403 DEBUG (BaseJdbcLogger.java:143)- ==> Parameters: 0(Integer), 0(Integer), zsp@blog.com(String), zsp@blog.com(String)
2020-04-19 20:52:30,419 DEBUG (BaseJdbcLogger.java:143)- <==      Total: 0
2020-04-19 20:52:30,434 DEBUG (BaseJdbcLogger.java:143)- ==>  Preparing: insert into user_table(userAccount,usrePassword,userName) values (?,?,?) 
2020-04-19 20:52:30,434 DEBUG (BaseJdbcLogger.java:143)- ==> Parameters: zsp@blog.com(String), e10adc3949ba59abbe56e057f20f883e(String), zsp(String)
2020-04-19 20:52:30,555 DEBUG (BaseJdbcLogger.java:143)- <==    Updates: 1
2020-04-19 20:52:32,765 DEBUG (BaseJdbcLogger.java:143)- ==>  Preparing: SELECT userID,userAccount,usrePassword,userName,userRead,userIssue,userIntro FROM user_table WHERE (userID = ? OR ? = 0) AND (userAccount = ? OR ? IS NULL) 
2020-04-19 20:52:32,766 DEBUG (BaseJdbcLogger.java:143)- ==> Parameters: 0(Integer), 0(Integer), zsp@blog.com(String), zsp@blog.com(String)
2020-04-19 20:52:32,772 DEBUG (BaseJdbcLogger.java:143)- <==      Total: 1
2020-04-19 20:52:43,089 DEBUG (BaseJdbcLogger.java:143)- ==>  Preparing: SELECT userID,userAccount,usrePassword,userName,userRead,userIssue,userIntro FROM user_table WHERE (userID = ? OR ? = 0) AND (userAccount = ? OR ? IS NULL) 
2020-04-19 20:52:43,091 DEBUG (BaseJdbcLogger.java:143)- ==> Parameters: 0(Integer), 0(Integer), zsp@blog.com(String), zsp@blog.com(String)
2020-04-19 20:52:43,095 DEBUG (BaseJdbcLogger.java:143)- <==      Total: 1
2020-04-19 20:56:49,075 DEBUG (BaseJdbcLogger.java:143)- ==>  Preparing: SELECT userID,userAccount,usrePassword,userName,userRead,userIssue,userIntro FROM user_table WHERE (userID = ? OR ? = 0) AND (userAccount = ? OR ? IS NULL) 
2020-04-19 20:56:49,076 DEBUG (BaseJdbcLogger.java:143)- ==> Parameters: 0(Integer), 0(Integer), zsp@blog.com(String), zsp@blog.com(String)
2020-04-19 20:56:49,079 DEBUG (BaseJdbcLogger.java:143)- <==      Total: 0
2020-04-19 20:56:49,080 DEBUG (BaseJdbcLogger.java:143)- ==>  Preparing: insert into user_table(userAccount,usrePassword,userName) values (?,?,?) 
2020-04-19 20:56:49,082 DEBUG (BaseJdbcLogger.java:143)- ==> Parameters: zsp@blog.com(String), e10adc3949ba59abbe56e057f20f883e(String), zsp(String)
2020-04-19 20:56:49,131 DEBUG (BaseJdbcLogger.java:143)- <==    Updates: 1
2020-04-19 20:56:51,839 DEBUG (BaseJdbcLogger.java:143)- ==>  Preparing: SELECT userID,userAccount,usrePassword,userName,userRead,userIssue,userIntro FROM user_table WHERE (userID = ? OR ? = 0) AND (userAccount = ? OR ? IS NULL) 
2020-04-19 20:56:51,841 DEBUG (BaseJdbcLogger.java:143)- ==> Parameters: 0(Integer), 0(Integer), zsp@blog.com(String), zsp@blog.com(String)
2020-04-19 20:56:51,843 DEBUG (BaseJdbcLogger.java:143)- <==      Total: 1
2020-04-19 21:13:15,259 INFO (StartupInfoLogger.java:55)- Starting BlogGardenSystemApplication on DESKTOP-627VPTB with PID 10336 (started by ZSP in E:\Program Files (x86)\JetBrains\JavaCode\blog-garden-system)
2020-04-19 21:13:15,268 DEBUG (StartupInfoLogger.java:56)- Running with Spring Boot v2.2.4.RELEASE, Spring v5.2.3.RELEASE
2020-04-19 21:13:15,269 INFO (SpringApplication.java:651)- No active profile set, falling back to default profiles: default
2020-04-19 21:13:19,072 INFO (StartupInfoLogger.java:61)- Started BlogGardenSystemApplication in 5.213 seconds (JVM running for 7.195)
2020-04-19 21:13:20,355 DEBUG (BaseJdbcLogger.java:143)- ==>  Preparing: SELECT count(0) FROM article_table AS a LEFT JOIN user_table AS u ON a.userID = u.userID WHERE (a.userID = ? OR ? = 0) AND (u.userName LIKE ? OR ? IS NULL) AND (articleTitle LIKE ? OR ? IS NULL) 
2020-04-19 21:13:20,394 DEBUG (BaseJdbcLogger.java:143)- ==> Parameters: 0(Integer), 0(Integer), null, null, null, null
2020-04-19 21:13:20,425 DEBUG (BaseJdbcLogger.java:143)- <==      Total: 1
2020-04-19 21:13:28,556 DEBUG (BaseJdbcLogger.java:143)- ==>  Preparing: SELECT userID,userAccount,usrePassword,userName,userRead,userIssue,userIntro FROM user_table WHERE (userID = ? OR ? = 0) AND (userAccount = ? OR ? IS NULL) 
2020-04-19 21:13:28,558 DEBUG (BaseJdbcLogger.java:143)- ==> Parameters: 1(Integer), 1(Integer), null, null
2020-04-19 21:13:28,561 DEBUG (BaseJdbcLogger.java:143)- <==      Total: 1
2020-04-19 21:14:12,301 DEBUG (BaseJdbcLogger.java:143)- ==>  Preparing: update user_table set userIntro = ? where userID = ? 
2020-04-19 21:14:12,303 DEBUG (BaseJdbcLogger.java:143)- ==> Parameters: 测试数据(String), 1(Integer)
2020-04-19 21:14:12,351 DEBUG (BaseJdbcLogger.java:143)- <==    Updates: 1
2020-04-19 21:14:16,267 DEBUG (BaseJdbcLogger.java:143)- ==>  Preparing: SELECT userID,userAccount,usrePassword,userName,userRead,userIssue,userIntro FROM user_table WHERE (userID = ? OR ? = 0) AND (userAccount = ? OR ? IS NULL) 
2020-04-19 21:14:16,268 DEBUG (BaseJdbcLogger.java:143)- ==> Parameters: 1(Integer), 1(Integer), null, null
2020-04-19 21:14:16,272 DEBUG (BaseJdbcLogger.java:143)- <==      Total: 1
2020-04-19 21:14:40,268 DEBUG (BaseJdbcLogger.java:143)- ==>  Preparing: select articleID, articleTitle, articleCountent, pictureCatalog, a.userID, u.userName, articleIssueTime, articleRead from article_table as a inner join content_tabl as c on a.articleID = c.articleID left join user_table as u on a.userID = u.userID where a.articleID = ? 
2020-04-19 21:14:40,269 DEBUG (BaseJdbcLogger.java:143)- ==> Parameters: 1(Integer)
2020-04-19 21:15:10,263 DEBUG (BaseJdbcLogger.java:143)- ==>  Preparing: update a,c set a.articleTitle = ?, c.articleCountent = ? from article_table as a inner join content_tabl as c on a.articleID = c.articleID where articleID = ? 
2020-04-19 21:15:10,265 DEBUG (BaseJdbcLogger.java:143)- ==> Parameters: testTitle(String), testCountent(String), 1(Integer)
2020-04-19 21:18:34,975 DEBUG (BaseJdbcLogger.java:143)- ==>  Preparing: insert into article_table( articleTitle, pictureCatalog, userID, articleIssueTime) values ( ?, ?, ?, now()) 
2020-04-19 21:18:34,977 DEBUG (BaseJdbcLogger.java:143)- ==> Parameters: 测试标题(String), 测试路径(String), 1(Integer)
2020-04-19 21:18:35,016 DEBUG (BaseJdbcLogger.java:143)- <==    Updates: 1
2020-04-19 21:18:35,036 DEBUG (BaseJdbcLogger.java:143)- ==>  Preparing: insert into content_table( articleID, articleCountent) values ( ?, ?) 
2020-04-19 21:18:35,038 DEBUG (BaseJdbcLogger.java:143)- ==> Parameters: 1(Integer), 测试文章(String)
2020-04-19 21:23:09,399 DEBUG (BaseJdbcLogger.java:143)- ==>  Preparing: insert into article_table( articleTitle, pictureCatalog, userID, articleIssueTime) values ( ?, ?, ?, now()) 
2020-04-19 21:23:09,401 DEBUG (BaseJdbcLogger.java:143)- ==> Parameters: 测试标题(String), 测试路径(String), 1(Integer)
2020-04-19 21:23:09,450 DEBUG (BaseJdbcLogger.java:143)- <==    Updates: 1
2020-04-19 21:23:09,451 DEBUG (BaseJdbcLogger.java:143)- ==>  Preparing: insert into content_table( articleID, articleCountent) values ( ?, ?) 
2020-04-19 21:23:09,453 DEBUG (BaseJdbcLogger.java:143)- ==> Parameters: 1(Integer), null
2020-04-19 21:24:22,633 INFO (StartupInfoLogger.java:55)- Starting BlogGardenSystemApplication on DESKTOP-627VPTB with PID 5352 (started by ZSP in E:\Program Files (x86)\JetBrains\JavaCode\blog-garden-system)
2020-04-19 21:24:22,641 DEBUG (StartupInfoLogger.java:56)- Running with Spring Boot v2.2.4.RELEASE, Spring v5.2.3.RELEASE
2020-04-19 21:24:22,641 INFO (SpringApplication.java:651)- No active profile set, falling back to default profiles: default
2020-04-19 21:24:25,925 INFO (StartupInfoLogger.java:61)- Started BlogGardenSystemApplication in 4.58 seconds (JVM running for 6.882)
2020-04-19 21:24:36,603 DEBUG (BaseJdbcLogger.java:143)- ==>  Preparing: insert into article_table( articleTitle, pictureCatalog, userID, articleIssueTime) values ( ?, ?, ?, now()) 
2020-04-19 21:24:36,634 DEBUG (BaseJdbcLogger.java:143)- ==> Parameters: 测试标题(String), 测试路径(String), 1(Integer)
2020-04-19 21:24:36,687 DEBUG (BaseJdbcLogger.java:143)- <==    Updates: 1
2020-04-19 21:24:36,718 DEBUG (BaseJdbcLogger.java:143)- ==>  Preparing: insert into content_table( articleID, articleCoutent) values ( ?, ?) 
2020-04-19 21:24:36,718 DEBUG (BaseJdbcLogger.java:143)- ==> Parameters: 1(Integer), null
2020-04-19 21:25:18,286 INFO (StartupInfoLogger.java:55)- Starting BlogGardenSystemApplication on DESKTOP-627VPTB with PID 5764 (started by ZSP in E:\Program Files (x86)\JetBrains\JavaCode\blog-garden-system)
2020-04-19 21:25:18,297 DEBUG (StartupInfoLogger.java:56)- Running with Spring Boot v2.2.4.RELEASE, Spring v5.2.3.RELEASE
2020-04-19 21:25:18,299 INFO (SpringApplication.java:651)- No active profile set, falling back to default profiles: default
2020-04-19 21:25:21,590 INFO (StartupInfoLogger.java:61)- Started BlogGardenSystemApplication in 4.781 seconds (JVM running for 6.507)
2020-04-19 21:25:34,201 DEBUG (BaseJdbcLogger.java:143)- ==>  Preparing: insert into article_table( articleTitle, pictureCatalog, userID, articleIssueTime) values ( ?, ?, ?, now()) 
2020-04-19 21:25:34,232 DEBUG (BaseJdbcLogger.java:143)- ==> Parameters: 测试标题(String), 测试路径(String), 1(Integer)
2020-04-19 21:25:34,327 DEBUG (BaseJdbcLogger.java:143)- <==    Updates: 1
2020-04-19 21:25:34,352 DEBUG (BaseJdbcLogger.java:143)- ==>  Preparing: insert into content_table( articleID, articleContent) values ( ?, ?) 
2020-04-19 21:25:34,355 DEBUG (BaseJdbcLogger.java:143)- ==> Parameters: 1(Integer), null
2020-04-19 21:25:34,426 DEBUG (BaseJdbcLogger.java:143)- <==    Updates: 1
2020-04-19 21:25:34,426 DEBUG (BaseJdbcLogger.java:143)- ==>  Preparing: update user_table set userIssue = userIssue+ ? where userID = ? 
2020-04-19 21:25:34,426 DEBUG (BaseJdbcLogger.java:143)- ==> Parameters: 1(Integer), 1(Integer)
2020-04-19 21:25:34,472 DEBUG (BaseJdbcLogger.java:143)- <==    Updates: 1
2020-04-19 21:27:20,730 DEBUG (BaseJdbcLogger.java:143)- ==>  Preparing: insert into article_table( articleTitle, pictureCatalog, userID, articleIssueTime) values ( ?, ?, ?, now()) 
2020-04-19 21:27:20,733 DEBUG (BaseJdbcLogger.java:143)- ==> Parameters: 测试标题(String), 测试路径(String), 1(Integer)
2020-04-19 21:27:21,092 DEBUG (BaseJdbcLogger.java:143)- <==    Updates: 1
2020-04-19 21:27:21,094 DEBUG (BaseJdbcLogger.java:143)- ==>  Preparing: insert into content_table( articleID, articleContent) values ( ?, ?) 
2020-04-19 21:27:21,096 DEBUG (BaseJdbcLogger.java:143)- ==> Parameters: 1(Integer), null
2020-04-19 21:27:21,136 DEBUG (BaseJdbcLogger.java:143)- <==    Updates: 1
2020-04-19 21:27:21,138 DEBUG (BaseJdbcLogger.java:143)- ==>  Preparing: update user_table set userIssue = userIssue+ ? where userID = ? 
2020-04-19 21:27:21,139 DEBUG (BaseJdbcLogger.java:143)- ==> Parameters: 1(Integer), 1(Integer)
2020-04-19 21:27:21,202 DEBUG (BaseJdbcLogger.java:143)- <==    Updates: 1
2020-04-19 21:28:40,522 DEBUG (BaseJdbcLogger.java:143)- ==>  Preparing: insert into article_table( articleTitle, pictureCatalog, userID, articleIssueTime) values ( ?, ?, ?, now()) 
2020-04-19 21:28:40,538 DEBUG (BaseJdbcLogger.java:143)- ==> Parameters: 测试标题(String), 测试路径(String), 1(Integer)
2020-04-19 21:28:40,850 DEBUG (BaseJdbcLogger.java:143)- <==    Updates: 1
2020-04-19 21:30:32,060 DEBUG (BaseJdbcLogger.java:143)- ==>  Preparing: insert into content_table( articleID, articleContent) values ( ?, ?) 
2020-04-19 21:30:32,060 DEBUG (BaseJdbcLogger.java:143)- ==> Parameters: 1(Integer), null
2020-04-19 21:30:37,921 INFO (StartupInfoLogger.java:55)- Starting BlogGardenSystemApplication on DESKTOP-627VPTB with PID 12252 (started by ZSP in E:\Program Files (x86)\JetBrains\JavaCode\blog-garden-system)
2020-04-19 21:30:37,928 DEBUG (StartupInfoLogger.java:56)- Running with Spring Boot v2.2.4.RELEASE, Spring v5.2.3.RELEASE
2020-04-19 21:30:37,931 INFO (SpringApplication.java:651)- No active profile set, falling back to default profiles: default
2020-04-19 21:30:41,463 INFO (StartupInfoLogger.java:61)- Started BlogGardenSystemApplication in 5.054 seconds (JVM running for 6.901)
2020-04-19 21:30:53,134 DEBUG (BaseJdbcLogger.java:143)- ==>  Preparing: insert into article_table( articleTitle, pictureCatalog, userID, articleIssueTime) values ( ?, ?, ?, now()) 
2020-04-19 21:30:53,479 DEBUG (BaseJdbcLogger.java:143)- ==> Parameters: 测试标题(String), 测试路径(String), 1(Integer)
2020-04-19 21:30:53,511 DEBUG (BaseJdbcLogger.java:143)- <==    Updates: 1
2020-04-19 21:31:40,566 INFO (StartupInfoLogger.java:55)- Starting BlogGardenSystemApplication on DESKTOP-627VPTB with PID 7092 (started by ZSP in E:\Program Files (x86)\JetBrains\JavaCode\blog-garden-system)
2020-04-19 21:31:40,573 DEBUG (StartupInfoLogger.java:56)- Running with Spring Boot v2.2.4.RELEASE, Spring v5.2.3.RELEASE
2020-04-19 21:31:40,575 INFO (SpringApplication.java:651)- No active profile set, falling back to default profiles: default
2020-04-19 21:31:43,442 INFO (StartupInfoLogger.java:61)- Started BlogGardenSystemApplication in 4.358 seconds (JVM running for 6.279)
2020-04-19 21:31:52,080 DEBUG (BaseJdbcLogger.java:143)- ==>  Preparing: insert into article_table( articleTitle, pictureCatalog, userID, articleIssueTime) values ( ?, ?, ?, now()) 
2020-04-19 21:31:52,432 DEBUG (BaseJdbcLogger.java:143)- ==> Parameters: 测试标题(String), 测试路径(String), 1(Integer)
2020-04-19 21:31:52,495 DEBUG (BaseJdbcLogger.java:143)- <==    Updates: 1
2020-04-19 21:34:44,942 DEBUG (BaseJdbcLogger.java:143)- ==>  Preparing: insert into content_table( articleID, articleContent) values ( ?, ?) 
2020-04-19 21:34:44,942 DEBUG (BaseJdbcLogger.java:143)- ==> Parameters: 1(Integer), 测试文章(String)
2020-04-19 21:34:45,285 DEBUG (BaseJdbcLogger.java:143)- <==    Updates: 1
2020-04-19 21:34:45,285 DEBUG (BaseJdbcLogger.java:143)- ==>  Preparing: update user_table set userIssue = userIssue+ ? where userID = ? 
2020-04-19 21:34:45,285 DEBUG (BaseJdbcLogger.java:143)- ==> Parameters: 1(Integer), 1(Integer)
2020-04-19 21:34:45,348 DEBUG (BaseJdbcLogger.java:143)- <==    Updates: 1
2020-04-19 21:36:01,274 INFO (StartupInfoLogger.java:55)- Starting BlogGardenSystemApplication on DESKTOP-627VPTB with PID 12148 (started by ZSP in E:\Program Files (x86)\JetBrains\JavaCode\blog-garden-system)
2020-04-19 21:36:01,289 DEBUG (StartupInfoLogger.java:56)- Running with Spring Boot v2.2.4.RELEASE, Spring v5.2.3.RELEASE
2020-04-19 21:36:01,289 INFO (SpringApplication.java:651)- No active profile set, falling back to default profiles: default
2020-04-19 21:36:04,707 INFO (StartupInfoLogger.java:61)- Started BlogGardenSystemApplication in 4.694 seconds (JVM running for 6.471)
2020-04-19 21:36:09,747 DEBUG (BaseJdbcLogger.java:143)- ==>  Preparing: insert into article_table( articleTitle, pictureCatalog, userID, articleIssueTime) values ( ?, ?, ?, now()) 
2020-04-19 21:36:09,781 DEBUG (BaseJdbcLogger.java:143)- ==> Parameters: 测试标题(String), 测试路径(String), 1(Integer)
2020-04-19 21:36:09,843 DEBUG (BaseJdbcLogger.java:143)- <==    Updates: 1
2020-04-19 21:36:09,874 DEBUG (BaseJdbcLogger.java:143)- ==>  Preparing: insert into content_table( articleID, articleContent) values ( ?, ?) 
2020-04-19 21:36:09,876 DEBUG (BaseJdbcLogger.java:143)- ==> Parameters: 9(Integer), 测试文章(String)
2020-04-19 21:36:09,921 DEBUG (BaseJdbcLogger.java:143)- <==    Updates: 1
2020-04-19 21:36:09,924 DEBUG (BaseJdbcLogger.java:143)- ==>  Preparing: update user_table set userIssue = userIssue+ ? where userID = ? 
2020-04-19 21:36:09,925 DEBUG (BaseJdbcLogger.java:143)- ==> Parameters: 1(Integer), 1(Integer)
2020-04-19 21:36:09,965 DEBUG (BaseJdbcLogger.java:143)- <==    Updates: 1
2020-04-19 21:36:49,436 DEBUG (BaseJdbcLogger.java:143)- ==>  Preparing: insert into article_table( articleTitle, pictureCatalog, userID, articleIssueTime) values ( ?, ?, ?, now()) 
2020-04-19 21:36:49,438 DEBUG (BaseJdbcLogger.java:143)- ==> Parameters: 测试标题(String), 测试路径(String), 1(Integer)
2020-04-19 21:36:49,488 DEBUG (BaseJdbcLogger.java:143)- <==    Updates: 1
2020-04-19 21:36:49,490 DEBUG (BaseJdbcLogger.java:143)- ==>  Preparing: insert into content_table( articleID, articleContent) values ( ?, ?) 
2020-04-19 21:36:49,491 DEBUG (BaseJdbcLogger.java:143)- ==> Parameters: 10(Integer), 测试文章(String)
2020-04-19 21:36:49,532 DEBUG (BaseJdbcLogger.java:143)- <==    Updates: 1
2020-04-19 21:36:49,533 DEBUG (BaseJdbcLogger.java:143)- ==>  Preparing: update user_table set userIssue = userIssue+ ? where userID = ? 
2020-04-19 21:36:49,534 DEBUG (BaseJdbcLogger.java:143)- ==> Parameters: 1(Integer), 1(Integer)
2020-04-19 21:36:49,587 DEBUG (BaseJdbcLogger.java:143)- <==    Updates: 1
2020-04-19 21:37:24,806 DEBUG (BaseJdbcLogger.java:143)- ==>  Preparing: update a,c set a.articleTitle = ?, c.articleCountent = ? from article_table as a inner join content_tabl as c on a.articleID = c.articleID where articleID = ? 
2020-04-19 21:37:37,943 DEBUG (BaseJdbcLogger.java:143)- ==>  Preparing: update a,c set a.articleTitle = ?, c.articleCountent = ? from article_table as a inner join content_tabl as c on a.articleID = c.articleID where articleID = ? 
2020-04-19 21:38:19,995 INFO (StartupInfoLogger.java:55)- Starting BlogGardenSystemApplication on DESKTOP-627VPTB with PID 7904 (started by ZSP in E:\Program Files (x86)\JetBrains\JavaCode\blog-garden-system)
2020-04-19 21:38:20,004 DEBUG (StartupInfoLogger.java:56)- Running with Spring Boot v2.2.4.RELEASE, Spring v5.2.3.RELEASE
2020-04-19 21:38:20,005 INFO (SpringApplication.java:651)- No active profile set, falling back to default profiles: default
2020-04-19 21:38:23,327 INFO (StartupInfoLogger.java:61)- Started BlogGardenSystemApplication in 4.682 seconds (JVM running for 6.776)
2020-04-19 21:38:23,956 DEBUG (BaseJdbcLogger.java:143)- ==>  Preparing: update a,c set a.articleTitle = ?, c.articleContent = ? from article_table as a inner join content_tabl as c on a.articleID = c.articleID where articleID = ? 
2020-04-19 21:38:23,994 DEBUG (BaseJdbcLogger.java:143)- ==> Parameters: 测试标题1(String), 测试文章1(String), 10(Integer)
2020-04-19 21:40:11,010 INFO (StartupInfoLogger.java:55)- Starting BlogGardenSystemApplication on DESKTOP-627VPTB with PID 9684 (started by ZSP in E:\Program Files (x86)\JetBrains\JavaCode\blog-garden-system)
2020-04-19 21:40:11,022 DEBUG (StartupInfoLogger.java:56)- Running with Spring Boot v2.2.4.RELEASE, Spring v5.2.3.RELEASE
2020-04-19 21:40:11,024 INFO (SpringApplication.java:651)- No active profile set, falling back to default profiles: default
2020-04-19 21:40:14,382 INFO (StartupInfoLogger.java:61)- Started BlogGardenSystemApplication in 4.737 seconds (JVM running for 6.846)
2020-04-19 21:40:14,910 DEBUG (BaseJdbcLogger.java:143)- ==>  Preparing: update a,c set a.articleTitle = ?, c.articleContent = ? from article_table as a inner join content_table as c on a.articleID = c.articleID where articleID = ? 
2020-04-19 21:40:14,926 DEBUG (BaseJdbcLogger.java:143)- ==> Parameters: 测试标题1(String), 测试文章1(String), 10(Integer)
2020-04-19 21:45:34,579 INFO (StartupInfoLogger.java:55)- Starting BlogGardenSystemApplication on DESKTOP-627VPTB with PID 11984 (started by ZSP in E:\Program Files (x86)\JetBrains\JavaCode\blog-garden-system)
2020-04-19 21:45:34,585 DEBUG (StartupInfoLogger.java:56)- Running with Spring Boot v2.2.4.RELEASE, Spring v5.2.3.RELEASE
2020-04-19 21:45:34,586 INFO (SpringApplication.java:651)- No active profile set, falling back to default profiles: default
2020-04-19 21:45:38,234 INFO (StartupInfoLogger.java:61)- Started BlogGardenSystemApplication in 5.378 seconds (JVM running for 7.351)
2020-04-19 21:45:38,876 DEBUG (BaseJdbcLogger.java:143)- ==>  Preparing: update a,cn set a.articleTitle = ?, c.articleContent = ? from article_table as a inner join content_table as cn on a.articleID = cn.articleID where a.articleID = ? 
2020-04-19 21:45:38,925 DEBUG (BaseJdbcLogger.java:143)- ==> Parameters: 测试标题1(String), 测试文章1(String), 10(Integer)
2020-04-19 21:46:29,978 INFO (StartupInfoLogger.java:55)- Starting BlogGardenSystemApplication on DESKTOP-627VPTB with PID 9768 (started by ZSP in E:\Program Files (x86)\JetBrains\JavaCode\blog-garden-system)
2020-04-19 21:46:29,984 DEBUG (StartupInfoLogger.java:56)- Running with Spring Boot v2.2.4.RELEASE, Spring v5.2.3.RELEASE
2020-04-19 21:46:29,986 INFO (SpringApplication.java:651)- No active profile set, falling back to default profiles: default
2020-04-19 21:46:33,554 INFO (StartupInfoLogger.java:61)- Started BlogGardenSystemApplication in 5.081 seconds (JVM running for 7.158)
2020-04-19 21:46:41,664 DEBUG (BaseJdbcLogger.java:143)- ==>  Preparing: update a,cn set a.articleTitle = ?, cn.articleContent = ? from article_table as a inner join content_table as cn on a.articleID = cn.articleID where a.articleID = ? 
2020-04-19 21:46:41,687 DEBUG (BaseJdbcLogger.java:143)- ==> Parameters: 测试标题1(String), 测试文章1(String), 10(Integer)
2020-04-19 21:48:09,331 INFO (StartupInfoLogger.java:55)- Starting BlogGardenSystemApplication on DESKTOP-627VPTB with PID 3668 (started by ZSP in E:\Program Files (x86)\JetBrains\JavaCode\blog-garden-system)
2020-04-19 21:48:09,378 DEBUG (StartupInfoLogger.java:56)- Running with Spring Boot v2.2.4.RELEASE, Spring v5.2.3.RELEASE
2020-04-19 21:48:09,378 INFO (SpringApplication.java:651)- No active profile set, falling back to default profiles: default
2020-04-19 21:48:12,495 INFO (StartupInfoLogger.java:61)- Started BlogGardenSystemApplication in 4.602 seconds (JVM running for 6.516)
2020-04-19 21:48:14,338 DEBUG (BaseJdbcLogger.java:143)- ==>  Preparing: update a,cn set a.articleTitle = ?, cn.articleContent = ? from article_table as a join content_table as cn on a.articleID = cn.articleID where a.articleID = ? 
2020-04-19 21:48:14,368 DEBUG (BaseJdbcLogger.java:143)- ==> Parameters: 测试标题1(String), 测试文章1(String), 10(Integer)
2020-04-19 21:54:14,903 DEBUG (BaseJdbcLogger.java:143)- ==>  Preparing: update a,cn set a.articleTitle = ?, cn.articleContent = ? from article_table as a join content_table as cn on a.articleID = cn.articleID where a.articleID = ? 
2020-04-19 21:54:14,904 DEBUG (BaseJdbcLogger.java:143)- ==> Parameters: 测试标题1(String), 测试文章1(String), 10(Integer)
2020-04-19 22:00:38,739 INFO (StartupInfoLogger.java:55)- Starting BlogGardenSystemApplication on DESKTOP-627VPTB with PID 4080 (started by ZSP in E:\Program Files (x86)\JetBrains\JavaCode\blog-garden-system)
2020-04-19 22:00:38,739 DEBUG (StartupInfoLogger.java:56)- Running with Spring Boot v2.2.4.RELEASE, Spring v5.2.3.RELEASE
2020-04-19 22:00:38,739 INFO (SpringApplication.java:651)- No active profile set, falling back to default profiles: default
2020-04-19 22:00:41,789 INFO (StartupInfoLogger.java:61)- Started BlogGardenSystemApplication in 4.746 seconds (JVM running for 6.715)
2020-04-19 22:00:48,977 DEBUG (BaseJdbcLogger.java:143)- ==>  Preparing: update article_table as a , content_table as cn set a.articleTitle = ?, cn.articleContent = ? where a.articleID = ? and cn.articleID = ? 
2020-04-19 22:00:48,995 DEBUG (BaseJdbcLogger.java:143)- ==> Parameters: 测试标题1(String), 测试文章1(String), 10(Integer), 10(Integer)
2020-04-19 22:00:49,063 DEBUG (BaseJdbcLogger.java:143)- <==    Updates: 2
2020-04-19 22:00:59,940 DEBUG (BaseJdbcLogger.java:143)- ==>  Preparing: select a.articleID, articleTitle, cn.articleContent, pictureCatalog, a.userID, u.userName, articleIssueTime, articleRead from article_table as a join content_table as cn on a.articleID = cn.articleID left join user_table as u on a.userID = u.userID where a.articleID = ? 
2020-04-19 22:00:59,940 DEBUG (BaseJdbcLogger.java:143)- ==> Parameters: 10(Integer)
2020-04-19 22:00:59,985 DEBUG (BaseJdbcLogger.java:143)- <==      Total: 1
2020-04-19 22:01:14,236 DEBUG (BaseJdbcLogger.java:143)- ==>  Preparing: select c.commentID, c.commentSerialNumber,c.userID,u.userID,c.commentContent,c.commentTime from comment_table as c inner join user_table as u on c.userID = u.userID where c.articleID = ? order by c.commentTime desc 
2020-04-19 22:01:14,238 DEBUG (BaseJdbcLogger.java:143)- ==> Parameters: 10(Integer)
2020-04-19 22:01:14,243 DEBUG (BaseJdbcLogger.java:143)- <==      Total: 0
2020-04-19 22:02:05,465 DEBUG (BaseJdbcLogger.java:143)- ==>  Preparing: insert into comment_table( articleID, commentSerialNumber, userID, commentContent, commentTime ) values ( ?, ?, ?, ?, now() ) 
2020-04-19 22:02:05,467 DEBUG (BaseJdbcLogger.java:143)- ==> Parameters: 10(Integer), 0(Integer), 1(Integer), 测试评论(String)
2020-04-19 22:02:05,511 DEBUG (BaseJdbcLogger.java:143)- <==    Updates: 1
2020-04-19 22:02:10,615 DEBUG (BaseJdbcLogger.java:143)- ==>  Preparing: select c.commentID, c.commentSerialNumber,c.userID,u.userID,c.commentContent,c.commentTime from comment_table as c inner join user_table as u on c.userID = u.userID where c.articleID = ? order by c.commentTime desc 
2020-04-19 22:02:10,616 DEBUG (BaseJdbcLogger.java:143)- ==> Parameters: 10(Integer)
2020-04-19 22:02:10,620 DEBUG (BaseJdbcLogger.java:143)- <==      Total: 1
2020-04-19 22:03:18,522 INFO (StartupInfoLogger.java:55)- Starting BlogGardenSystemApplication on DESKTOP-627VPTB with PID 816 (started by ZSP in E:\Program Files (x86)\JetBrains\JavaCode\blog-garden-system)
2020-04-19 22:03:18,531 DEBUG (StartupInfoLogger.java:56)- Running with Spring Boot v2.2.4.RELEASE, Spring v5.2.3.RELEASE
2020-04-19 22:03:18,532 INFO (SpringApplication.java:651)- No active profile set, falling back to default profiles: default
2020-04-19 22:03:21,719 INFO (StartupInfoLogger.java:61)- Started BlogGardenSystemApplication in 4.523 seconds (JVM running for 6.468)
2020-04-19 22:03:22,704 DEBUG (BaseJdbcLogger.java:143)- ==>  Preparing: select c.commentID, c.commentSerialNumber,c.userID,u.userName,c.commentContent,c.commentTime from comment_table as c inner join user_table as u on c.userID = u.userID where c.articleID = ? order by c.commentTime desc 
2020-04-19 22:03:22,735 DEBUG (BaseJdbcLogger.java:143)- ==> Parameters: 10(Integer)
2020-04-19 22:03:22,778 DEBUG (BaseJdbcLogger.java:143)- <==      Total: 1
2020-04-19 22:04:50,800 DEBUG (BaseJdbcLogger.java:143)- ==>  Preparing: select c.commentID, c.commentSerialNumber,c.userID,u.userName,c.commentContent,c.commentTime from comment_table as c inner join user_table as u on c.userID = u.userID where c.articleID = ? order by c.commentTime desc 
2020-04-19 22:04:50,801 DEBUG (BaseJdbcLogger.java:143)- ==> Parameters: 10(Integer)
2020-04-19 22:04:50,807 DEBUG (BaseJdbcLogger.java:143)- <==      Total: 1
2020-04-19 22:04:53,297 DEBUG (BaseJdbcLogger.java:143)- ==>  Preparing: select c.commentID, c.commentSerialNumber,c.userID,u.userName,c.commentContent,c.commentTime from comment_table as c inner join user_table as u on c.userID = u.userID where c.articleID = ? order by c.commentTime desc 
2020-04-19 22:04:53,299 DEBUG (BaseJdbcLogger.java:143)- ==> Parameters: 10(Integer)
2020-04-19 22:04:53,301 DEBUG (BaseJdbcLogger.java:143)- <==      Total: 1
2020-04-19 22:05:00,528 INFO (StartupInfoLogger.java:55)- Starting BlogGardenSystemApplication on DESKTOP-627VPTB with PID 2184 (started by ZSP in E:\Program Files (x86)\JetBrains\JavaCode\blog-garden-system)
2020-04-19 22:05:00,528 DEBUG (StartupInfoLogger.java:56)- Running with Spring Boot v2.2.4.RELEASE, Spring v5.2.3.RELEASE
2020-04-19 22:05:00,544 INFO (SpringApplication.java:651)- No active profile set, falling back to default profiles: default
2020-04-19 22:05:03,754 INFO (StartupInfoLogger.java:61)- Started BlogGardenSystemApplication in 4.667 seconds (JVM running for 6.524)
2020-04-19 22:05:05,176 DEBUG (BaseJdbcLogger.java:143)- ==>  Preparing: select c.commentID,c.articleID, c.commentSerialNumber,c.userID,u.userName,c.commentContent,c.commentTime from comment_table as c inner join user_table as u on c.userID = u.userID where c.articleID = ? order by c.commentTime desc 
2020-04-19 22:05:05,204 DEBUG (BaseJdbcLogger.java:143)- ==> Parameters: 10(Integer)
2020-04-19 22:05:05,235 DEBUG (BaseJdbcLogger.java:143)- <==      Total: 1
